e:\hcmus\oop\project\sfml\final project\flappy anything\flappy anything\x64\debug\vc143.pdb
e:\hcmus\oop\project\sfml\final project\flappy anything\flappy anything\x64\debug\vc143.idb
e:\hcmus\oop\project\sfml\final project\flappy anything\flappy anything\x64\debug\main.obj
e:\hcmus\oop\project\sfml\final project\flappy anything\flappy anything\x64\debug\sound.obj
e:\hcmus\oop\project\sfml\final project\flappy anything\flappy anything\x64\debug\pipe.obj
e:\hcmus\oop\project\sfml\final project\flappy anything\flappy anything\x64\debug\lib.obj
e:\hcmus\oop\project\sfml\final project\flappy anything\flappy anything\x64\debug\land.obj
e:\hcmus\oop\project\sfml\final project\flappy anything\flappy anything\x64\debug\game.obj
e:\hcmus\oop\project\sfml\final project\flappy anything\flappy anything\x64\debug\doge.obj
e:\hcmus\oop\project\sfml\final project\flappy anything\x64\debug\flappy anything.exe
e:\hcmus\oop\project\sfml\final project\flappy anything\x64\debug\flappy anything.pdb
e:\hcmus\oop\project\sfml\final project\flappy anything\flappy anything\x64\debug\flappy anything.ilk
e:\hcmus\oop\project\sfml\final project\flappy anything\flappy anything\x64\debug\flappy anything.tlog\cl.command.1.tlog
e:\hcmus\oop\project\sfml\final project\flappy anything\flappy anything\x64\debug\flappy anything.tlog\cl.items.tlog
e:\hcmus\oop\project\sfml\final project\flappy anything\flappy anything\x64\debug\flappy anything.tlog\cl.read.1.tlog
e:\hcmus\oop\project\sfml\final project\flappy anything\flappy anything\x64\debug\flappy anything.tlog\cl.write.1.tlog
e:\hcmus\oop\project\sfml\final project\flappy anything\flappy anything\x64\debug\flappy anything.tlog\link.command.1.tlog
e:\hcmus\oop\project\sfml\final project\flappy anything\flappy anything\x64\debug\flappy anything.tlog\link.read.1.tlog
e:\hcmus\oop\project\sfml\final project\flappy anything\flappy anything\x64\debug\flappy anything.tlog\link.secondary.1.tlog
e:\hcmus\oop\project\sfml\final project\flappy anything\flappy anything\x64\debug\flappy anything.tlog\link.write.1.tlog
